<?xml version="1.0" encoding="UTF-8"?>
<!-- Generated by org.testng.reporters.JUnitReportReporter -->
<testsuite hostname="LAPTOP-L4UF5K17" failures="0" tests="1" name="testscripts.TestAddLocationTestNG" time="8.280" errors="0" timestamp="2022-01-07T12:22:24 IST" skipped="0">
  <testcase classname="testscripts.TestAddLocationTestNG" name="testAddLocation" time="8.280"/>
  <system-out/>
</testsuite> <!-- testscripts.TestAddLocationTestNG -->
