<?xml version="1.0" encoding="UTF-8"?>
<!-- Generated by org.testng.reporters.JUnitReportReporter -->
<testsuite hostname="LAPTOP-L4UF5K17" failures="0" tests="1" name="TestQuickQuoteTestNG" time="30.810" errors="0" timestamp="2021-12-31T14:00:08 IST" skipped="0">
  <testcase classname="TestQuickQuoteTestNG" name="testQuickQuote" time="30.810"/>
  <system-out/>
</testsuite> <!-- TestQuickQuoteTestNG -->
