<?xml version="1.0" encoding="UTF-8"?>
<!-- Generated by org.testng.reporters.JUnitReportReporter -->
<testsuite hostname="LAPTOP-L4UF5K17" failures="0" tests="1" name="testscripts.TestAddLocationTestNG" time="4.420" errors="0" timestamp="01 Jan 2022 06:52:39 GMT" skipped="0">
  <testcase classname="testscripts.TestAddLocationTestNG" name="testAddLocation" time="4.420"/>
</testsuite> <!-- testscripts.TestAddLocationTestNG -->
